[0.670s] DEBUG:colcon:Command line arguments: ['/usr/bin/colcon', 'build']
[0.670s] DEBUG:colcon:Parsed command line arguments: Namespace(log_base=None, log_level=None, verb_name='build', build_base='build', install_base='install', merge_install=False, symlink_install=False, test_result_base=None, continue_on_error=False, executor='parallel', parallel_workers=8, event_handlers=None, ignore_user_meta=False, metas=['./colcon.meta'], base_paths=['.'], packages_ignore=None, packages_ignore_regex=None, paths=None, packages_up_to=None, packages_up_to_regex=None, packages_above=None, packages_above_and_dependencies=None, packages_above_depth=None, packages_select_by_dep=None, packages_skip_by_dep=None, packages_skip_up_to=None, packages_select_build_failed=False, packages_skip_build_finished=False, packages_select_test_failures=False, packages_skip_test_passed=False, packages_select=None, packages_skip=None, packages_select_regex=None, packages_skip_regex=None, packages_start=None, packages_end=None, allow_overriding=[], cmake_args=None, cmake_target=None, cmake_target_skip_unavailable=False, cmake_clean_cache=False, cmake_clean_first=False, cmake_force_configure=False, ament_cmake_args=None, catkin_cmake_args=None, catkin_skip_building_tests=False, verb_parser=<colcon_defaults.argument_parser.defaults.DefaultArgumentsDecorator object at 0x7f7f47ffd390>, verb_extension=<colcon_core.verb.build.BuildVerb object at 0x7f7f4882fdc0>, main=<bound method BuildVerb.main of <colcon_core.verb.build.BuildVerb object at 0x7f7f4882fdc0>>)
[0.750s] Level 1:colcon.colcon_core.package_discovery:discover_packages(colcon_meta) check parameters
[0.750s] Level 1:colcon.colcon_core.package_discovery:discover_packages(recursive) check parameters
[0.750s] Level 1:colcon.colcon_core.package_discovery:discover_packages(ignore) check parameters
[0.750s] Level 1:colcon.colcon_core.package_discovery:discover_packages(path) check parameters
[0.750s] Level 1:colcon.colcon_core.package_discovery:discover_packages(colcon_meta) discover
[0.751s] Level 1:colcon.colcon_core.package_discovery:discover_packages(recursive) discover
[0.751s] INFO:colcon.colcon_core.package_discovery:Crawling recursively for packages in '/home/wildan/proyek/alucrot'
[0.751s] Level 1:colcon.colcon_core.package_identification:_identify(.) by extensions ['ignore', 'ignore_ament_install']
[0.751s] Level 1:colcon.colcon_core.package_identification:_identify(.) by extension 'ignore'
[0.751s] Level 1:colcon.colcon_core.package_identification:_identify(.) by extension 'ignore_ament_install'
[0.751s] Level 1:colcon.colcon_core.package_identification:_identify(.) by extensions ['colcon_pkg']
[0.751s] Level 1:colcon.colcon_core.package_identification:_identify(.) by extension 'colcon_pkg'
[0.751s] Level 1:colcon.colcon_core.package_identification:_identify(.) by extensions ['colcon_meta']
[0.752s] Level 1:colcon.colcon_core.package_identification:_identify(.) by extension 'colcon_meta'
[0.752s] Level 1:colcon.colcon_core.package_identification:_identify(.) by extensions ['ros']
[0.752s] Level 1:colcon.colcon_core.package_identification:_identify(.) by extension 'ros'
[0.782s] Level 1:colcon.colcon_core.package_identification:_identify(.) by extensions ['cmake', 'python']
[0.782s] Level 1:colcon.colcon_core.package_identification:_identify(.) by extension 'cmake'
[0.782s] Level 1:colcon.colcon_core.package_identification:_identify(.) by extension 'python'
[0.782s] Level 1:colcon.colcon_core.package_identification:_identify(.) by extensions ['python_setup_py']
[0.782s] Level 1:colcon.colcon_core.package_identification:_identify(.) by extension 'python_setup_py'
[0.783s] Level 1:colcon.colcon_core.package_identification:_identify(build) by extensions ['ignore', 'ignore_ament_install']
[0.783s] Level 1:colcon.colcon_core.package_identification:_identify(build) by extension 'ignore'
[0.783s] Level 1:colcon.colcon_core.package_identification:_identify(build) ignored
[0.784s] Level 1:colcon.colcon_core.package_identification:_identify(install) by extensions ['ignore', 'ignore_ament_install']
[0.784s] Level 1:colcon.colcon_core.package_identification:_identify(install) by extension 'ignore'
[0.784s] Level 1:colcon.colcon_core.package_identification:_identify(install) ignored
[0.785s] Level 1:colcon.colcon_core.package_identification:_identify(log) by extensions ['ignore', 'ignore_ament_install']
[0.785s] Level 1:colcon.colcon_core.package_identification:_identify(log) by extension 'ignore'
[0.786s] Level 1:colcon.colcon_core.package_identification:_identify(log) ignored
[0.786s] Level 1:colcon.colcon_core.package_identification:_identify(src) by extensions ['ignore', 'ignore_ament_install']
[0.786s] Level 1:colcon.colcon_core.package_identification:_identify(src) by extension 'ignore'
[0.786s] Level 1:colcon.colcon_core.package_identification:_identify(src) by extension 'ignore_ament_install'
[0.787s] Level 1:colcon.colcon_core.package_identification:_identify(src) by extensions ['colcon_pkg']
[0.787s] Level 1:colcon.colcon_core.package_identification:_identify(src) by extension 'colcon_pkg'
[0.787s] Level 1:colcon.colcon_core.package_identification:_identify(src) by extensions ['colcon_meta']
[0.787s] Level 1:colcon.colcon_core.package_identification:_identify(src) by extension 'colcon_meta'
[0.787s] Level 1:colcon.colcon_core.package_identification:_identify(src) by extensions ['ros']
[0.787s] Level 1:colcon.colcon_core.package_identification:_identify(src) by extension 'ros'
[0.787s] Level 1:colcon.colcon_core.package_identification:_identify(src) by extensions ['cmake', 'python']
[0.787s] Level 1:colcon.colcon_core.package_identification:_identify(src) by extension 'cmake'
[0.787s] Level 1:colcon.colcon_core.package_identification:_identify(src) by extension 'python'
[0.787s] Level 1:colcon.colcon_core.package_identification:_identify(src) by extensions ['python_setup_py']
[0.787s] Level 1:colcon.colcon_core.package_identification:_identify(src) by extension 'python_setup_py'
[0.788s] Level 1:colcon.colcon_core.package_identification:_identify(src/motor) by extensions ['ignore', 'ignore_ament_install']
[0.788s] Level 1:colcon.colcon_core.package_identification:_identify(src/motor) by extension 'ignore'
[0.788s] Level 1:colcon.colcon_core.package_identification:_identify(src/motor) by extension 'ignore_ament_install'
[0.788s] Level 1:colcon.colcon_core.package_identification:_identify(src/motor) by extensions ['colcon_pkg']
[0.788s] Level 1:colcon.colcon_core.package_identification:_identify(src/motor) by extension 'colcon_pkg'
[0.788s] Level 1:colcon.colcon_core.package_identification:_identify(src/motor) by extensions ['colcon_meta']
[0.788s] Level 1:colcon.colcon_core.package_identification:_identify(src/motor) by extension 'colcon_meta'
[0.788s] Level 1:colcon.colcon_core.package_identification:_identify(src/motor) by extensions ['ros']
[0.789s] Level 1:colcon.colcon_core.package_identification:_identify(src/motor) by extension 'ros'
[0.795s] DEBUG:colcon.colcon_core.package_identification:Package 'src/motor' with type 'ros.ament_cmake' and name 'motor'
[0.795s] Level 1:colcon.colcon_core.package_discovery:discover_packages(recursive) using defaults
[0.795s] Level 1:colcon.colcon_core.package_discovery:discover_packages(ignore) discover
[0.795s] Level 1:colcon.colcon_core.package_discovery:discover_packages(ignore) using defaults
[0.795s] Level 1:colcon.colcon_core.package_discovery:discover_packages(path) discover
[0.795s] Level 1:colcon.colcon_core.package_discovery:discover_packages(path) using defaults
[0.858s] Level 1:colcon.colcon_core.package_discovery:discover_packages(prefix_path) check parameters
[0.859s] Level 1:colcon.colcon_core.package_discovery:discover_packages(prefix_path) discover
[0.867s] DEBUG:colcon.colcon_installed_package_information.package_discovery:Found 270 installed packages in /opt/ros/humble
[0.870s] Level 1:colcon.colcon_core.package_discovery:discover_packages(prefix_path) using defaults
[1.001s] Level 5:colcon.colcon_core.verb:set package 'motor' build argument 'cmake_args' from command line to 'None'
[1.001s] Level 5:colcon.colcon_core.verb:set package 'motor' build argument 'cmake_target' from command line to 'None'
[1.001s] Level 5:colcon.colcon_core.verb:set package 'motor' build argument 'cmake_target_skip_unavailable' from command line to 'False'
[1.001s] Level 5:colcon.colcon_core.verb:set package 'motor' build argument 'cmake_clean_cache' from command line to 'False'
[1.001s] Level 5:colcon.colcon_core.verb:set package 'motor' build argument 'cmake_clean_first' from command line to 'False'
[1.001s] Level 5:colcon.colcon_core.verb:set package 'motor' build argument 'cmake_force_configure' from command line to 'False'
[1.001s] Level 5:colcon.colcon_core.verb:set package 'motor' build argument 'ament_cmake_args' from command line to 'None'
[1.001s] Level 5:colcon.colcon_core.verb:set package 'motor' build argument 'catkin_cmake_args' from command line to 'None'
[1.001s] Level 5:colcon.colcon_core.verb:set package 'motor' build argument 'catkin_skip_building_tests' from command line to 'False'
[1.001s] DEBUG:colcon.colcon_core.verb:Building package 'motor' with the following arguments: {'ament_cmake_args': None, 'build_base': '/home/wildan/proyek/alucrot/build/motor', 'catkin_cmake_args': None, 'catkin_skip_building_tests': False, 'cmake_args': None, 'cmake_clean_cache': False, 'cmake_clean_first': False, 'cmake_force_configure': False, 'cmake_target': None, 'cmake_target_skip_unavailable': False, 'install_base': '/home/wildan/proyek/alucrot/install/motor', 'merge_install': False, 'path': '/home/wildan/proyek/alucrot/src/motor', 'symlink_install': False, 'test_result_base': None}
[1.003s] INFO:colcon.colcon_core.executor:Executing jobs using 'parallel' executor
[1.009s] DEBUG:colcon.colcon_parallel_executor.executor.parallel:run_until_complete
[1.010s] INFO:colcon.colcon_ros.task.ament_cmake.build:Building ROS package in '/home/wildan/proyek/alucrot/src/motor' with build type 'ament_cmake'
[1.010s] INFO:colcon.colcon_cmake.task.cmake.build:Building CMake package in '/home/wildan/proyek/alucrot/src/motor'
[1.020s] INFO:colcon.colcon_core.plugin_system:Skipping extension 'colcon_core.shell.bat': Not used on non-Windows systems
[1.020s] INFO:colcon.colcon_core.shell:Skip shell extension 'powershell' for command environment: Not usable outside of PowerShell
[1.020s] DEBUG:colcon.colcon_core.shell:Skip shell extension 'dsv' for command environment
[1.042s] DEBUG:colcon.colcon_core.event_handler.log_command:Invoking command in '/home/wildan/proyek/alucrot/build/motor': CMAKE_PREFIX_PATH=/opt/ros/humble /usr/bin/cmake --build /home/wildan/proyek/alucrot/build/motor -- -j8 -l8
[18.399s] DEBUG:colcon.colcon_core.event_handler.log_command:Invoked command in '/home/wildan/proyek/alucrot/build/motor' returned '0': CMAKE_PREFIX_PATH=/opt/ros/humble /usr/bin/cmake --build /home/wildan/proyek/alucrot/build/motor -- -j8 -l8
[18.454s] DEBUG:colcon.colcon_core.event_handler.log_command:Invoking command in '/home/wildan/proyek/alucrot/build/motor': CMAKE_PREFIX_PATH=/opt/ros/humble /usr/bin/cmake --install /home/wildan/proyek/alucrot/build/motor
[18.478s] Level 1:colcon.colcon_core.environment:create_environment_scripts_only(motor)
[18.480s] DEBUG:colcon.colcon_core.event_handler.log_command:Invoked command in '/home/wildan/proyek/alucrot/build/motor' returned '0': CMAKE_PREFIX_PATH=/opt/ros/humble /usr/bin/cmake --install /home/wildan/proyek/alucrot/build/motor
[18.487s] Level 1:colcon.colcon_core.environment:checking '/home/wildan/proyek/alucrot/install/motor' for CMake module files
[18.488s] Level 1:colcon.colcon_core.environment:checking '/home/wildan/proyek/alucrot/install/motor' for CMake config files
[18.489s] Level 1:colcon.colcon_core.shell:create_environment_hook('motor', 'cmake_prefix_path')
[18.491s] INFO:colcon.colcon_core.shell:Creating environment hook '/home/wildan/proyek/alucrot/install/motor/share/motor/hook/cmake_prefix_path.ps1'
[18.493s] INFO:colcon.colcon_core.shell:Creating environment descriptor '/home/wildan/proyek/alucrot/install/motor/share/motor/hook/cmake_prefix_path.dsv'
[18.494s] INFO:colcon.colcon_core.shell:Creating environment hook '/home/wildan/proyek/alucrot/install/motor/share/motor/hook/cmake_prefix_path.sh'
[18.496s] Level 1:colcon.colcon_core.environment:checking '/home/wildan/proyek/alucrot/install/motor/lib'
[18.496s] Level 1:colcon.colcon_core.environment:checking '/home/wildan/proyek/alucrot/install/motor/bin'
[18.496s] Level 1:colcon.colcon_core.environment:checking '/home/wildan/proyek/alucrot/install/motor/lib/pkgconfig/motor.pc'
[18.497s] Level 1:colcon.colcon_core.environment:checking '/home/wildan/proyek/alucrot/install/motor/lib/python3.10/site-packages'
[18.497s] Level 1:colcon.colcon_core.environment:checking '/home/wildan/proyek/alucrot/install/motor/bin'
[18.499s] INFO:colcon.colcon_core.shell:Creating package script '/home/wildan/proyek/alucrot/install/motor/share/motor/package.ps1'
[18.501s] INFO:colcon.colcon_core.shell:Creating package descriptor '/home/wildan/proyek/alucrot/install/motor/share/motor/package.dsv'
[18.502s] INFO:colcon.colcon_core.shell:Creating package script '/home/wildan/proyek/alucrot/install/motor/share/motor/package.sh'
[18.503s] INFO:colcon.colcon_core.shell:Creating package script '/home/wildan/proyek/alucrot/install/motor/share/motor/package.bash'
[18.504s] INFO:colcon.colcon_core.shell:Creating package script '/home/wildan/proyek/alucrot/install/motor/share/motor/package.zsh'
[18.505s] Level 1:colcon.colcon_core.environment:create_file_with_runtime_dependencies(/home/wildan/proyek/alucrot/install/motor/share/colcon-core/packages/motor)
[18.547s] Level 1:colcon.colcon_core.environment:create_environment_scripts_only(motor)
[18.550s] Level 1:colcon.colcon_core.environment:checking '/home/wildan/proyek/alucrot/install/motor' for CMake module files
[18.551s] Level 1:colcon.colcon_core.environment:checking '/home/wildan/proyek/alucrot/install/motor' for CMake config files
[18.552s] Level 1:colcon.colcon_core.shell:create_environment_hook('motor', 'cmake_prefix_path')
[18.554s] INFO:colcon.colcon_core.shell:Creating environment hook '/home/wildan/proyek/alucrot/install/motor/share/motor/hook/cmake_prefix_path.ps1'
[18.555s] INFO:colcon.colcon_core.shell:Creating environment descriptor '/home/wildan/proyek/alucrot/install/motor/share/motor/hook/cmake_prefix_path.dsv'
[18.556s] INFO:colcon.colcon_core.shell:Creating environment hook '/home/wildan/proyek/alucrot/install/motor/share/motor/hook/cmake_prefix_path.sh'
[18.556s] Level 1:colcon.colcon_core.environment:checking '/home/wildan/proyek/alucrot/install/motor/lib'
[18.557s] Level 1:colcon.colcon_core.environment:checking '/home/wildan/proyek/alucrot/install/motor/bin'
[18.557s] Level 1:colcon.colcon_core.environment:checking '/home/wildan/proyek/alucrot/install/motor/lib/pkgconfig/motor.pc'
[18.557s] Level 1:colcon.colcon_core.environment:checking '/home/wildan/proyek/alucrot/install/motor/lib/python3.10/site-packages'
[18.558s] Level 1:colcon.colcon_core.environment:checking '/home/wildan/proyek/alucrot/install/motor/bin'
[18.561s] INFO:colcon.colcon_core.shell:Creating package script '/home/wildan/proyek/alucrot/install/motor/share/motor/package.ps1'
[18.562s] INFO:colcon.colcon_core.shell:Creating package descriptor '/home/wildan/proyek/alucrot/install/motor/share/motor/package.dsv'
[18.563s] INFO:colcon.colcon_core.shell:Creating package script '/home/wildan/proyek/alucrot/install/motor/share/motor/package.sh'
[18.563s] INFO:colcon.colcon_core.shell:Creating package script '/home/wildan/proyek/alucrot/install/motor/share/motor/package.bash'
[18.564s] INFO:colcon.colcon_core.shell:Creating package script '/home/wildan/proyek/alucrot/install/motor/share/motor/package.zsh'
[18.565s] Level 1:colcon.colcon_core.environment:create_file_with_runtime_dependencies(/home/wildan/proyek/alucrot/install/motor/share/colcon-core/packages/motor)
[18.565s] DEBUG:colcon.colcon_parallel_executor.executor.parallel:closing loop
[18.566s] DEBUG:colcon.colcon_parallel_executor.executor.parallel:loop closed
[18.566s] DEBUG:colcon.colcon_parallel_executor.executor.parallel:run_until_complete finished with '0'
[18.566s] DEBUG:colcon.colcon_core.event_reactor:joining thread
[18.576s] INFO:colcon.colcon_core.plugin_system:Skipping extension 'colcon_notification.desktop_notification.terminal_notifier': Not used on non-Darwin systems
[18.576s] INFO:colcon.colcon_core.plugin_system:Skipping extension 'colcon_notification.desktop_notification.win32': Not used on non-Windows systems
[18.576s] INFO:colcon.colcon_notification.desktop_notification:Sending desktop notification using 'notify2'
[18.586s] DEBUG:colcon.colcon_core.event_reactor:joined thread
[18.590s] INFO:colcon.colcon_core.shell:Creating prefix script '/home/wildan/proyek/alucrot/install/local_setup.ps1'
[18.593s] INFO:colcon.colcon_core.shell:Creating prefix util module '/home/wildan/proyek/alucrot/install/_local_setup_util_ps1.py'
[18.597s] INFO:colcon.colcon_core.shell:Creating prefix chain script '/home/wildan/proyek/alucrot/install/setup.ps1'
[18.600s] INFO:colcon.colcon_core.shell:Creating prefix script '/home/wildan/proyek/alucrot/install/local_setup.sh'
[18.602s] INFO:colcon.colcon_core.shell:Creating prefix util module '/home/wildan/proyek/alucrot/install/_local_setup_util_sh.py'
[18.603s] INFO:colcon.colcon_core.shell:Creating prefix chain script '/home/wildan/proyek/alucrot/install/setup.sh'
[18.605s] INFO:colcon.colcon_core.shell:Creating prefix script '/home/wildan/proyek/alucrot/install/local_setup.bash'
[18.606s] INFO:colcon.colcon_core.shell:Creating prefix chain script '/home/wildan/proyek/alucrot/install/setup.bash'
[18.608s] INFO:colcon.colcon_core.shell:Creating prefix script '/home/wildan/proyek/alucrot/install/local_setup.zsh'
[18.610s] INFO:colcon.colcon_core.shell:Creating prefix chain script '/home/wildan/proyek/alucrot/install/setup.zsh'
