[0.011s] Invoking command in '/home/wildan/proyek/alucrot/build/motor': CMAKE_PREFIX_PATH=/opt/ros/humble /usr/bin/cmake /home/wildan/proyek/alucrot/src/motor -DCMAKE_INSTALL_PREFIX=/home/wildan/proyek/alucrot/install/motor
[0.143s] -- The C compiler identification is GNU 11.4.0
[0.250s] -- The CXX compiler identification is GNU 11.4.0
[0.257s] -- Detecting C compiler ABI info
[0.318s] -- Detecting C compiler ABI info - done
[0.323s] -- Check for working C compiler: /usr/bin/cc - skipped
[0.324s] -- Detecting C compile features
[0.324s] -- Detecting C compile features - done
[0.326s] -- Detecting CXX compiler ABI info
[0.382s] -- Detecting CXX compiler ABI info - done
[0.387s] -- Check for working CXX compiler: /usr/bin/c++ - skipped
[0.387s] -- Detecting CXX compile features
[0.388s] -- Detecting CXX compile features - done
[0.390s] -- Found ament_cmake: 1.3.5 (/opt/ros/humble/share/ament_cmake/cmake)
[0.514s] -- Found Python3: /usr/bin/python3.10 (found version "3.10.12") found components: Interpreter 
[0.587s] -- Found rclcpp: 16.0.5 (/opt/ros/humble/share/rclcpp/cmake)
[0.627s] -- Found rosidl_generator_c: 3.1.5 (/opt/ros/humble/share/rosidl_generator_c/cmake)
[0.631s] -- Found rosidl_adapter: 3.1.5 (/opt/ros/humble/share/rosidl_adapter/cmake)
[0.640s] -- Found rosidl_generator_cpp: 3.1.5 (/opt/ros/humble/share/rosidl_generator_cpp/cmake)
[0.652s] -- Using all available rosidl_typesupport_c: rosidl_typesupport_fastrtps_c;rosidl_typesupport_introspection_c
[0.667s] -- Using all available rosidl_typesupport_cpp: rosidl_typesupport_fastrtps_cpp;rosidl_typesupport_introspection_cpp
[0.724s] -- Found rmw_implementation_cmake: 6.1.1 (/opt/ros/humble/share/rmw_implementation_cmake/cmake)
[0.726s] -- Found rmw_fastrtps_cpp: 6.2.3 (/opt/ros/humble/share/rmw_fastrtps_cpp/cmake)
[0.794s] -- Found OpenSSL: /usr/lib/x86_64-linux-gnu/libcrypto.so (found version "3.0.2")  
[0.811s] -- Found FastRTPS: /opt/ros/humble/include  
[0.839s] -- Using RMW implementation 'rmw_fastrtps_cpp' as default
[0.847s] -- Looking for pthread.h
[0.900s] -- Looking for pthread.h - found
[0.900s] -- Performing Test CMAKE_HAVE_LIBC_PTHREAD
[0.949s] -- Performing Test CMAKE_HAVE_LIBC_PTHREAD - Success
[0.950s] -- Found Threads: TRUE  
[1.062s] -- Found ament_lint_auto: 0.12.7 (/opt/ros/humble/share/ament_lint_auto/cmake)
[1.115s] -- Added test 'lint_cmake' to check CMake code style
[1.115s] -- Added test 'xmllint' to check XML markup files
[1.116s] -- Configuring done
[1.119s] -- Generating done
[1.120s] -- Build files have been written to: /home/wildan/proyek/alucrot/build/motor
[1.125s] Invoked command in '/home/wildan/proyek/alucrot/build/motor' returned '0': CMAKE_PREFIX_PATH=/opt/ros/humble /usr/bin/cmake /home/wildan/proyek/alucrot/src/motor -DCMAKE_INSTALL_PREFIX=/home/wildan/proyek/alucrot/install/motor
[1.127s] Invoking command in '/home/wildan/proyek/alucrot/build/motor': CMAKE_PREFIX_PATH=/opt/ros/humble /usr/bin/cmake --build /home/wildan/proyek/alucrot/build/motor -- -j8 -l8
[1.150s] Invoked command in '/home/wildan/proyek/alucrot/build/motor' returned '0': CMAKE_PREFIX_PATH=/opt/ros/humble /usr/bin/cmake --build /home/wildan/proyek/alucrot/build/motor -- -j8 -l8
[1.170s] Invoking command in '/home/wildan/proyek/alucrot/build/motor': CMAKE_PREFIX_PATH=/opt/ros/humble /usr/bin/cmake --install /home/wildan/proyek/alucrot/build/motor
[1.175s] -- Install configuration: ""
[1.175s] -- Installing: /home/wildan/proyek/alucrot/install/motor/share/ament_index/resource_index/package_run_dependencies/motor
[1.176s] -- Installing: /home/wildan/proyek/alucrot/install/motor/share/ament_index/resource_index/parent_prefix_path/motor
[1.176s] -- Installing: /home/wildan/proyek/alucrot/install/motor/share/motor/environment/ament_prefix_path.sh
[1.176s] -- Installing: /home/wildan/proyek/alucrot/install/motor/share/motor/environment/ament_prefix_path.dsv
[1.176s] -- Installing: /home/wildan/proyek/alucrot/install/motor/share/motor/environment/path.sh
[1.176s] -- Installing: /home/wildan/proyek/alucrot/install/motor/share/motor/environment/path.dsv
[1.176s] -- Installing: /home/wildan/proyek/alucrot/install/motor/share/motor/local_setup.bash
[1.176s] -- Installing: /home/wildan/proyek/alucrot/install/motor/share/motor/local_setup.sh
[1.176s] -- Installing: /home/wildan/proyek/alucrot/install/motor/share/motor/local_setup.zsh
[1.176s] -- Installing: /home/wildan/proyek/alucrot/install/motor/share/motor/local_setup.dsv
[1.176s] -- Installing: /home/wildan/proyek/alucrot/install/motor/share/motor/package.dsv
[1.177s] -- Installing: /home/wildan/proyek/alucrot/install/motor/share/ament_index/resource_index/packages/motor
[1.177s] -- Installing: /home/wildan/proyek/alucrot/install/motor/share/motor/cmake/motorConfig.cmake
[1.177s] -- Installing: /home/wildan/proyek/alucrot/install/motor/share/motor/cmake/motorConfig-version.cmake
[1.177s] -- Installing: /home/wildan/proyek/alucrot/install/motor/share/motor/package.xml
[1.178s] Invoked command in '/home/wildan/proyek/alucrot/build/motor' returned '0': CMAKE_PREFIX_PATH=/opt/ros/humble /usr/bin/cmake --install /home/wildan/proyek/alucrot/build/motor
