[0.011s] Invoking command in '/home/wildan/proyek/alucrot/build/motor': CMAKE_PREFIX_PATH=${CMAKE_PREFIX_PATH}:/opt/ros/humble /usr/bin/cmake --build /home/wildan/proyek/alucrot/build/motor -- -j8 -l8
[0.036s] [35m[1mConsolidate compiler generated dependencies of target motor[0m
[0.050s] [ 50%] [32mBuilding CXX object CMakeFiles/motor.dir/src/motor.cpp.o[0m
[5.945s] [100%] [32m[1mLinking CXX executable motor[0m
[6.243s] [100%] Built target motor
[6.250s] Invoked command in '/home/wildan/proyek/alucrot/build/motor' returned '0': CMAKE_PREFIX_PATH=${CMAKE_PREFIX_PATH}:/opt/ros/humble /usr/bin/cmake --build /home/wildan/proyek/alucrot/build/motor -- -j8 -l8
[6.270s] Invoking command in '/home/wildan/proyek/alucrot/build/motor': CMAKE_PREFIX_PATH=${CMAKE_PREFIX_PATH}:/opt/ros/humble /usr/bin/cmake --install /home/wildan/proyek/alucrot/build/motor
[6.275s] -- Install configuration: ""
[6.275s] -- Installing: /home/wildan/proyek/alucrot/install/motor/lib/motor/motor
[6.278s] -- Set runtime path of "/home/wildan/proyek/alucrot/install/motor/lib/motor/motor" to ""
[6.278s] -- Up-to-date: /home/wildan/proyek/alucrot/install/motor/share/ament_index/resource_index/package_run_dependencies/motor
[6.278s] -- Up-to-date: /home/wildan/proyek/alucrot/install/motor/share/ament_index/resource_index/parent_prefix_path/motor
[6.278s] -- Up-to-date: /home/wildan/proyek/alucrot/install/motor/share/motor/environment/ament_prefix_path.sh
[6.278s] -- Up-to-date: /home/wildan/proyek/alucrot/install/motor/share/motor/environment/ament_prefix_path.dsv
[6.278s] -- Up-to-date: /home/wildan/proyek/alucrot/install/motor/share/motor/environment/path.sh
[6.278s] -- Up-to-date: /home/wildan/proyek/alucrot/install/motor/share/motor/environment/path.dsv
[6.278s] -- Up-to-date: /home/wildan/proyek/alucrot/install/motor/share/motor/local_setup.bash
[6.278s] -- Up-to-date: /home/wildan/proyek/alucrot/install/motor/share/motor/local_setup.sh
[6.279s] -- Up-to-date: /home/wildan/proyek/alucrot/install/motor/share/motor/local_setup.zsh
[6.279s] -- Up-to-date: /home/wildan/proyek/alucrot/install/motor/share/motor/local_setup.dsv
[6.279s] -- Installing: /home/wildan/proyek/alucrot/install/motor/share/motor/package.dsv
[6.279s] -- Up-to-date: /home/wildan/proyek/alucrot/install/motor/share/ament_index/resource_index/packages/motor
[6.279s] -- Up-to-date: /home/wildan/proyek/alucrot/install/motor/share/motor/cmake/motorConfig.cmake
[6.279s] -- Up-to-date: /home/wildan/proyek/alucrot/install/motor/share/motor/cmake/motorConfig-version.cmake
[6.279s] -- Up-to-date: /home/wildan/proyek/alucrot/install/motor/share/motor/package.xml
[6.280s] Invoked command in '/home/wildan/proyek/alucrot/build/motor' returned '0': CMAKE_PREFIX_PATH=${CMAKE_PREFIX_PATH}:/opt/ros/humble /usr/bin/cmake --install /home/wildan/proyek/alucrot/build/motor
