[0.010s] Invoking command in '/home/wildan/proyek/alucrot/build/motor': CMAKE_PREFIX_PATH=${CMAKE_PREFIX_PATH}:/opt/ros/humble /usr/bin/cmake --build /home/wildan/proyek/alucrot/build/motor -- -j8 -l8
[0.035s] [35m[1mConsolidate compiler generated dependencies of target motor[0m
[0.047s] [ 50%] [32mBuilding CXX object CMakeFiles/motor.dir/src/motor.cpp.o[0m
[1.643s] In file included from [01m[K/home/wildan/proyek/alucrot/src/motor/src/motor.cpp:6[m[K:
[1.643s] [01m[K/home/wildan/proyek/alucrot/src/motor/include/motor/modbus_udp.h:[m[K In function ‘[01m[Kvoid modbus_udp_send(int*, int8_t, int16_t, int16_t)[m[K’:
[1.643s] [01m[K/home/wildan/proyek/alucrot/src/motor/include/motor/modbus_udp.h:62:9:[m[K [01;35m[Kwarning: [m[Kunused variable ‘[01m[Kstatus[m[K’ [[01;35m[K]8;;https://gcc.gnu.org/onlinedocs/gcc/Warning-Options.html#index-Wunused-variable-Wunused-variable]8;;[m[K]
[1.644s]    62 |     int [01;35m[Kstatus[m[K = select(32, NULL, &fds, NULL, &tv);
[1.644s]       |         [01;35m[K^~~~~~[m[K
[5.794s] [100%] [32m[1mLinking CXX executable motor[0m
[6.076s] [100%] Built target motor
[6.083s] Invoked command in '/home/wildan/proyek/alucrot/build/motor' returned '0': CMAKE_PREFIX_PATH=${CMAKE_PREFIX_PATH}:/opt/ros/humble /usr/bin/cmake --build /home/wildan/proyek/alucrot/build/motor -- -j8 -l8
[6.103s] Invoking command in '/home/wildan/proyek/alucrot/build/motor': CMAKE_PREFIX_PATH=${CMAKE_PREFIX_PATH}:/opt/ros/humble /usr/bin/cmake --install /home/wildan/proyek/alucrot/build/motor
[6.108s] -- Install configuration: ""
[6.108s] -- Installing: /home/wildan/proyek/alucrot/install/motor/lib/motor/motor
[6.111s] -- Set runtime path of "/home/wildan/proyek/alucrot/install/motor/lib/motor/motor" to ""
[6.112s] -- Up-to-date: /home/wildan/proyek/alucrot/install/motor/share/ament_index/resource_index/package_run_dependencies/motor
[6.112s] -- Up-to-date: /home/wildan/proyek/alucrot/install/motor/share/ament_index/resource_index/parent_prefix_path/motor
[6.112s] -- Up-to-date: /home/wildan/proyek/alucrot/install/motor/share/motor/environment/ament_prefix_path.sh
[6.112s] -- Up-to-date: /home/wildan/proyek/alucrot/install/motor/share/motor/environment/ament_prefix_path.dsv
[6.112s] -- Up-to-date: /home/wildan/proyek/alucrot/install/motor/share/motor/environment/path.sh
[6.112s] -- Up-to-date: /home/wildan/proyek/alucrot/install/motor/share/motor/environment/path.dsv
[6.112s] -- Up-to-date: /home/wildan/proyek/alucrot/install/motor/share/motor/local_setup.bash
[6.112s] -- Up-to-date: /home/wildan/proyek/alucrot/install/motor/share/motor/local_setup.sh
[6.112s] -- Up-to-date: /home/wildan/proyek/alucrot/install/motor/share/motor/local_setup.zsh
[6.112s] -- Up-to-date: /home/wildan/proyek/alucrot/install/motor/share/motor/local_setup.dsv
[6.112s] -- Installing: /home/wildan/proyek/alucrot/install/motor/share/motor/package.dsv
[6.112s] -- Up-to-date: /home/wildan/proyek/alucrot/install/motor/share/ament_index/resource_index/packages/motor
[6.112s] -- Up-to-date: /home/wildan/proyek/alucrot/install/motor/share/motor/cmake/motorConfig.cmake
[6.113s] -- Up-to-date: /home/wildan/proyek/alucrot/install/motor/share/motor/cmake/motorConfig-version.cmake
[6.113s] -- Up-to-date: /home/wildan/proyek/alucrot/install/motor/share/motor/package.xml
[6.114s] Invoked command in '/home/wildan/proyek/alucrot/build/motor' returned '0': CMAKE_PREFIX_PATH=${CMAKE_PREFIX_PATH}:/opt/ros/humble /usr/bin/cmake --install /home/wildan/proyek/alucrot/build/motor
