[0.272s] DEBUG:colcon:Command line arguments: ['/usr/bin/colcon', 'build']
[0.272s] DEBUG:colcon:Parsed command line arguments: Namespace(log_base=None, log_level=None, verb_name='build', build_base='build', install_base='install', merge_install=False, symlink_install=False, test_result_base=None, continue_on_error=False, executor='parallel', parallel_workers=8, event_handlers=None, ignore_user_meta=False, metas=['./colcon.meta'], base_paths=['.'], packages_ignore=None, packages_ignore_regex=None, paths=None, packages_up_to=None, packages_up_to_regex=None, packages_above=None, packages_above_and_dependencies=None, packages_above_depth=None, packages_select_by_dep=None, packages_skip_by_dep=None, packages_skip_up_to=None, packages_select_build_failed=False, packages_skip_build_finished=False, packages_select_test_failures=False, packages_skip_test_passed=False, packages_select=None, packages_skip=None, packages_select_regex=None, packages_skip_regex=None, packages_start=None, packages_end=None, allow_overriding=[], cmake_args=None, cmake_target=None, cmake_target_skip_unavailable=False, cmake_clean_cache=False, cmake_clean_first=False, cmake_force_configure=False, ament_cmake_args=None, catkin_cmake_args=None, catkin_skip_building_tests=False, verb_parser=<colcon_defaults.argument_parser.defaults.DefaultArgumentsDecorator object at 0x7f53a7fed060>, verb_extension=<colcon_core.verb.build.BuildVerb object at 0x7f53a8797cd0>, main=<bound method BuildVerb.main of <colcon_core.verb.build.BuildVerb object at 0x7f53a8797cd0>>)
[0.307s] Level 1:colcon.colcon_core.package_discovery:discover_packages(colcon_meta) check parameters
[0.307s] Level 1:colcon.colcon_core.package_discovery:discover_packages(recursive) check parameters
[0.307s] Level 1:colcon.colcon_core.package_discovery:discover_packages(ignore) check parameters
[0.307s] Level 1:colcon.colcon_core.package_discovery:discover_packages(path) check parameters
[0.307s] Level 1:colcon.colcon_core.package_discovery:discover_packages(colcon_meta) discover
[0.307s] Level 1:colcon.colcon_core.package_discovery:discover_packages(recursive) discover
[0.307s] INFO:colcon.colcon_core.package_discovery:Crawling recursively for packages in '/home/wildan/proyek/alucrot'
[0.307s] Level 1:colcon.colcon_core.package_identification:_identify(.) by extensions ['ignore', 'ignore_ament_install']
[0.307s] Level 1:colcon.colcon_core.package_identification:_identify(.) by extension 'ignore'
[0.307s] Level 1:colcon.colcon_core.package_identification:_identify(.) by extension 'ignore_ament_install'
[0.307s] Level 1:colcon.colcon_core.package_identification:_identify(.) by extensions ['colcon_pkg']
[0.307s] Level 1:colcon.colcon_core.package_identification:_identify(.) by extension 'colcon_pkg'
[0.307s] Level 1:colcon.colcon_core.package_identification:_identify(.) by extensions ['colcon_meta']
[0.307s] Level 1:colcon.colcon_core.package_identification:_identify(.) by extension 'colcon_meta'
[0.307s] Level 1:colcon.colcon_core.package_identification:_identify(.) by extensions ['ros']
[0.307s] Level 1:colcon.colcon_core.package_identification:_identify(.) by extension 'ros'
[0.317s] Level 1:colcon.colcon_core.package_identification:_identify(.) by extensions ['cmake', 'python']
[0.317s] Level 1:colcon.colcon_core.package_identification:_identify(.) by extension 'cmake'
[0.317s] Level 1:colcon.colcon_core.package_identification:_identify(.) by extension 'python'
[0.317s] Level 1:colcon.colcon_core.package_identification:_identify(.) by extensions ['python_setup_py']
[0.317s] Level 1:colcon.colcon_core.package_identification:_identify(.) by extension 'python_setup_py'
[0.317s] Level 1:colcon.colcon_core.package_identification:_identify(build) by extensions ['ignore', 'ignore_ament_install']
[0.317s] Level 1:colcon.colcon_core.package_identification:_identify(build) by extension 'ignore'
[0.317s] Level 1:colcon.colcon_core.package_identification:_identify(build) ignored
[0.317s] Level 1:colcon.colcon_core.package_identification:_identify(install) by extensions ['ignore', 'ignore_ament_install']
[0.317s] Level 1:colcon.colcon_core.package_identification:_identify(install) by extension 'ignore'
[0.318s] Level 1:colcon.colcon_core.package_identification:_identify(install) ignored
[0.318s] Level 1:colcon.colcon_core.package_identification:_identify(log) by extensions ['ignore', 'ignore_ament_install']
[0.318s] Level 1:colcon.colcon_core.package_identification:_identify(log) by extension 'ignore'
[0.318s] Level 1:colcon.colcon_core.package_identification:_identify(log) ignored
[0.318s] Level 1:colcon.colcon_core.package_identification:_identify(src) by extensions ['ignore', 'ignore_ament_install']
[0.318s] Level 1:colcon.colcon_core.package_identification:_identify(src) by extension 'ignore'
[0.318s] Level 1:colcon.colcon_core.package_identification:_identify(src) by extension 'ignore_ament_install'
[0.318s] Level 1:colcon.colcon_core.package_identification:_identify(src) by extensions ['colcon_pkg']
[0.318s] Level 1:colcon.colcon_core.package_identification:_identify(src) by extension 'colcon_pkg'
[0.318s] Level 1:colcon.colcon_core.package_identification:_identify(src) by extensions ['colcon_meta']
[0.318s] Level 1:colcon.colcon_core.package_identification:_identify(src) by extension 'colcon_meta'
[0.318s] Level 1:colcon.colcon_core.package_identification:_identify(src) by extensions ['ros']
[0.318s] Level 1:colcon.colcon_core.package_identification:_identify(src) by extension 'ros'
[0.318s] Level 1:colcon.colcon_core.package_identification:_identify(src) by extensions ['cmake', 'python']
[0.318s] Level 1:colcon.colcon_core.package_identification:_identify(src) by extension 'cmake'
[0.318s] Level 1:colcon.colcon_core.package_identification:_identify(src) by extension 'python'
[0.318s] Level 1:colcon.colcon_core.package_identification:_identify(src) by extensions ['python_setup_py']
[0.318s] Level 1:colcon.colcon_core.package_identification:_identify(src) by extension 'python_setup_py'
[0.318s] Level 1:colcon.colcon_core.package_identification:_identify(src/motor) by extensions ['ignore', 'ignore_ament_install']
[0.319s] Level 1:colcon.colcon_core.package_identification:_identify(src/motor) by extension 'ignore'
[0.319s] Level 1:colcon.colcon_core.package_identification:_identify(src/motor) by extension 'ignore_ament_install'
[0.319s] Level 1:colcon.colcon_core.package_identification:_identify(src/motor) by extensions ['colcon_pkg']
[0.319s] Level 1:colcon.colcon_core.package_identification:_identify(src/motor) by extension 'colcon_pkg'
[0.319s] Level 1:colcon.colcon_core.package_identification:_identify(src/motor) by extensions ['colcon_meta']
[0.319s] Level 1:colcon.colcon_core.package_identification:_identify(src/motor) by extension 'colcon_meta'
[0.319s] Level 1:colcon.colcon_core.package_identification:_identify(src/motor) by extensions ['ros']
[0.319s] Level 1:colcon.colcon_core.package_identification:_identify(src/motor) by extension 'ros'
[0.321s] DEBUG:colcon.colcon_core.package_identification:Package 'src/motor' with type 'ros.ament_cmake' and name 'motor'
[0.321s] Level 1:colcon.colcon_core.package_discovery:discover_packages(recursive) using defaults
[0.321s] Level 1:colcon.colcon_core.package_discovery:discover_packages(ignore) discover
[0.321s] Level 1:colcon.colcon_core.package_discovery:discover_packages(ignore) using defaults
[0.321s] Level 1:colcon.colcon_core.package_discovery:discover_packages(path) discover
[0.321s] Level 1:colcon.colcon_core.package_discovery:discover_packages(path) using defaults
[0.343s] Level 1:colcon.colcon_core.package_discovery:discover_packages(prefix_path) check parameters
[0.343s] Level 1:colcon.colcon_core.package_discovery:discover_packages(prefix_path) discover
[0.345s] DEBUG:colcon.colcon_installed_package_information.package_discovery:Found 1 installed packages in /home/wildan/proyek/alucrot/install
[0.346s] DEBUG:colcon.colcon_installed_package_information.package_discovery:Found 270 installed packages in /opt/ros/humble
[0.347s] Level 1:colcon.colcon_core.package_discovery:discover_packages(prefix_path) using defaults
[0.383s] Level 5:colcon.colcon_core.verb:set package 'motor' build argument 'cmake_args' from command line to 'None'
[0.383s] Level 5:colcon.colcon_core.verb:set package 'motor' build argument 'cmake_target' from command line to 'None'
[0.383s] Level 5:colcon.colcon_core.verb:set package 'motor' build argument 'cmake_target_skip_unavailable' from command line to 'False'
[0.383s] Level 5:colcon.colcon_core.verb:set package 'motor' build argument 'cmake_clean_cache' from command line to 'False'
[0.383s] Level 5:colcon.colcon_core.verb:set package 'motor' build argument 'cmake_clean_first' from command line to 'False'
[0.383s] Level 5:colcon.colcon_core.verb:set package 'motor' build argument 'cmake_force_configure' from command line to 'False'
[0.383s] Level 5:colcon.colcon_core.verb:set package 'motor' build argument 'ament_cmake_args' from command line to 'None'
[0.383s] Level 5:colcon.colcon_core.verb:set package 'motor' build argument 'catkin_cmake_args' from command line to 'None'
[0.383s] Level 5:colcon.colcon_core.verb:set package 'motor' build argument 'catkin_skip_building_tests' from command line to 'False'
[0.383s] DEBUG:colcon.colcon_core.verb:Building package 'motor' with the following arguments: {'ament_cmake_args': None, 'build_base': '/home/wildan/proyek/alucrot/build/motor', 'catkin_cmake_args': None, 'catkin_skip_building_tests': False, 'cmake_args': None, 'cmake_clean_cache': False, 'cmake_clean_first': False, 'cmake_force_configure': False, 'cmake_target': None, 'cmake_target_skip_unavailable': False, 'install_base': '/home/wildan/proyek/alucrot/install/motor', 'merge_install': False, 'path': '/home/wildan/proyek/alucrot/src/motor', 'symlink_install': False, 'test_result_base': None}
[0.383s] INFO:colcon.colcon_core.executor:Executing jobs using 'parallel' executor
[0.386s] DEBUG:colcon.colcon_parallel_executor.executor.parallel:run_until_complete
[0.386s] INFO:colcon.colcon_ros.task.ament_cmake.build:Building ROS package in '/home/wildan/proyek/alucrot/src/motor' with build type 'ament_cmake'
[0.386s] INFO:colcon.colcon_cmake.task.cmake.build:Building CMake package in '/home/wildan/proyek/alucrot/src/motor'
[0.391s] INFO:colcon.colcon_core.plugin_system:Skipping extension 'colcon_core.shell.bat': Not used on non-Windows systems
[0.391s] INFO:colcon.colcon_core.shell:Skip shell extension 'powershell' for command environment: Not usable outside of PowerShell
[0.391s] DEBUG:colcon.colcon_core.shell:Skip shell extension 'dsv' for command environment
[0.397s] DEBUG:colcon.colcon_core.event_handler.log_command:Invoking command in '/home/wildan/proyek/alucrot/build/motor': CMAKE_PREFIX_PATH=${CMAKE_PREFIX_PATH}:/opt/ros/humble /usr/bin/cmake --build /home/wildan/proyek/alucrot/build/motor -- -j8 -l8
[6.625s] DEBUG:colcon.colcon_core.event_handler.log_command:Invoked command in '/home/wildan/proyek/alucrot/build/motor' returned '0': CMAKE_PREFIX_PATH=${CMAKE_PREFIX_PATH}:/opt/ros/humble /usr/bin/cmake --build /home/wildan/proyek/alucrot/build/motor -- -j8 -l8
[6.646s] DEBUG:colcon.colcon_core.event_handler.log_command:Invoking command in '/home/wildan/proyek/alucrot/build/motor': CMAKE_PREFIX_PATH=${CMAKE_PREFIX_PATH}:/opt/ros/humble /usr/bin/cmake --install /home/wildan/proyek/alucrot/build/motor
[6.658s] Level 1:colcon.colcon_core.environment:create_environment_scripts_only(motor)
[6.658s] DEBUG:colcon.colcon_core.event_handler.log_command:Invoked command in '/home/wildan/proyek/alucrot/build/motor' returned '0': CMAKE_PREFIX_PATH=${CMAKE_PREFIX_PATH}:/opt/ros/humble /usr/bin/cmake --install /home/wildan/proyek/alucrot/build/motor
[6.664s] Level 1:colcon.colcon_core.environment:checking '/home/wildan/proyek/alucrot/install/motor' for CMake module files
[6.664s] Level 1:colcon.colcon_core.environment:checking '/home/wildan/proyek/alucrot/install/motor' for CMake config files
[6.664s] Level 1:colcon.colcon_core.shell:create_environment_hook('motor', 'cmake_prefix_path')
[6.665s] INFO:colcon.colcon_core.shell:Creating environment hook '/home/wildan/proyek/alucrot/install/motor/share/motor/hook/cmake_prefix_path.ps1'
[6.666s] INFO:colcon.colcon_core.shell:Creating environment descriptor '/home/wildan/proyek/alucrot/install/motor/share/motor/hook/cmake_prefix_path.dsv'
[6.666s] INFO:colcon.colcon_core.shell:Creating environment hook '/home/wildan/proyek/alucrot/install/motor/share/motor/hook/cmake_prefix_path.sh'
[6.667s] Level 1:colcon.colcon_core.environment:checking '/home/wildan/proyek/alucrot/install/motor/lib'
[6.667s] Level 1:colcon.colcon_core.environment:checking '/home/wildan/proyek/alucrot/install/motor/bin'
[6.667s] Level 1:colcon.colcon_core.environment:checking '/home/wildan/proyek/alucrot/install/motor/lib/pkgconfig/motor.pc'
[6.667s] Level 1:colcon.colcon_core.environment:checking '/home/wildan/proyek/alucrot/install/motor/lib/python3.10/site-packages'
[6.667s] Level 1:colcon.colcon_core.environment:checking '/home/wildan/proyek/alucrot/install/motor/bin'
[6.668s] INFO:colcon.colcon_core.shell:Creating package script '/home/wildan/proyek/alucrot/install/motor/share/motor/package.ps1'
[6.669s] INFO:colcon.colcon_core.shell:Creating package descriptor '/home/wildan/proyek/alucrot/install/motor/share/motor/package.dsv'
[6.669s] INFO:colcon.colcon_core.shell:Creating package script '/home/wildan/proyek/alucrot/install/motor/share/motor/package.sh'
[6.670s] INFO:colcon.colcon_core.shell:Creating package script '/home/wildan/proyek/alucrot/install/motor/share/motor/package.bash'
[6.671s] INFO:colcon.colcon_core.shell:Creating package script '/home/wildan/proyek/alucrot/install/motor/share/motor/package.zsh'
[6.671s] Level 1:colcon.colcon_core.environment:create_file_with_runtime_dependencies(/home/wildan/proyek/alucrot/install/motor/share/colcon-core/packages/motor)
[6.686s] Level 1:colcon.colcon_core.environment:create_environment_scripts_only(motor)
[6.687s] Level 1:colcon.colcon_core.environment:checking '/home/wildan/proyek/alucrot/install/motor' for CMake module files
[6.688s] Level 1:colcon.colcon_core.environment:checking '/home/wildan/proyek/alucrot/install/motor' for CMake config files
[6.688s] Level 1:colcon.colcon_core.shell:create_environment_hook('motor', 'cmake_prefix_path')
[6.689s] INFO:colcon.colcon_core.shell:Creating environment hook '/home/wildan/proyek/alucrot/install/motor/share/motor/hook/cmake_prefix_path.ps1'
[6.689s] INFO:colcon.colcon_core.shell:Creating environment descriptor '/home/wildan/proyek/alucrot/install/motor/share/motor/hook/cmake_prefix_path.dsv'
[6.689s] INFO:colcon.colcon_core.shell:Creating environment hook '/home/wildan/proyek/alucrot/install/motor/share/motor/hook/cmake_prefix_path.sh'
[6.690s] Level 1:colcon.colcon_core.environment:checking '/home/wildan/proyek/alucrot/install/motor/lib'
[6.690s] Level 1:colcon.colcon_core.environment:checking '/home/wildan/proyek/alucrot/install/motor/bin'
[6.690s] Level 1:colcon.colcon_core.environment:checking '/home/wildan/proyek/alucrot/install/motor/lib/pkgconfig/motor.pc'
[6.690s] Level 1:colcon.colcon_core.environment:checking '/home/wildan/proyek/alucrot/install/motor/lib/python3.10/site-packages'
[6.690s] Level 1:colcon.colcon_core.environment:checking '/home/wildan/proyek/alucrot/install/motor/bin'
[6.691s] INFO:colcon.colcon_core.shell:Creating package script '/home/wildan/proyek/alucrot/install/motor/share/motor/package.ps1'
[6.691s] INFO:colcon.colcon_core.shell:Creating package descriptor '/home/wildan/proyek/alucrot/install/motor/share/motor/package.dsv'
[6.692s] INFO:colcon.colcon_core.shell:Creating package script '/home/wildan/proyek/alucrot/install/motor/share/motor/package.sh'
[6.692s] INFO:colcon.colcon_core.shell:Creating package script '/home/wildan/proyek/alucrot/install/motor/share/motor/package.bash'
[6.692s] INFO:colcon.colcon_core.shell:Creating package script '/home/wildan/proyek/alucrot/install/motor/share/motor/package.zsh'
[6.692s] Level 1:colcon.colcon_core.environment:create_file_with_runtime_dependencies(/home/wildan/proyek/alucrot/install/motor/share/colcon-core/packages/motor)
[6.692s] DEBUG:colcon.colcon_parallel_executor.executor.parallel:closing loop
[6.693s] DEBUG:colcon.colcon_parallel_executor.executor.parallel:loop closed
[6.693s] DEBUG:colcon.colcon_parallel_executor.executor.parallel:run_until_complete finished with '0'
[6.693s] DEBUG:colcon.colcon_core.event_reactor:joining thread
[6.697s] INFO:colcon.colcon_core.plugin_system:Skipping extension 'colcon_notification.desktop_notification.terminal_notifier': Not used on non-Darwin systems
[6.697s] INFO:colcon.colcon_core.plugin_system:Skipping extension 'colcon_notification.desktop_notification.win32': Not used on non-Windows systems
[6.697s] INFO:colcon.colcon_notification.desktop_notification:Sending desktop notification using 'notify2'
[6.701s] DEBUG:colcon.colcon_core.event_reactor:joined thread
[6.702s] INFO:colcon.colcon_core.shell:Creating prefix script '/home/wildan/proyek/alucrot/install/local_setup.ps1'
[6.703s] INFO:colcon.colcon_core.shell:Creating prefix util module '/home/wildan/proyek/alucrot/install/_local_setup_util_ps1.py'
[6.705s] INFO:colcon.colcon_core.shell:Creating prefix chain script '/home/wildan/proyek/alucrot/install/setup.ps1'
[6.706s] INFO:colcon.colcon_core.shell:Creating prefix script '/home/wildan/proyek/alucrot/install/local_setup.sh'
[6.707s] INFO:colcon.colcon_core.shell:Creating prefix util module '/home/wildan/proyek/alucrot/install/_local_setup_util_sh.py'
[6.707s] INFO:colcon.colcon_core.shell:Creating prefix chain script '/home/wildan/proyek/alucrot/install/setup.sh'
[6.709s] INFO:colcon.colcon_core.shell:Creating prefix script '/home/wildan/proyek/alucrot/install/local_setup.bash'
[6.709s] INFO:colcon.colcon_core.shell:Creating prefix chain script '/home/wildan/proyek/alucrot/install/setup.bash'
[6.710s] INFO:colcon.colcon_core.shell:Creating prefix script '/home/wildan/proyek/alucrot/install/local_setup.zsh'
[6.711s] INFO:colcon.colcon_core.shell:Creating prefix chain script '/home/wildan/proyek/alucrot/install/setup.zsh'
