[35m[1mConsolidate compiler generated dependencies of target motor[0m
[ 50%] [32mBuilding CXX object CMakeFiles/motor.dir/src/motor.cpp.o[0m
In file included from [01m[K/home/wildan/proyek/alucrot/src/motor/src/motor.cpp:6[m[K:
[01m[K/home/wildan/proyek/alucrot/src/motor/include/motor/modbus_udp.h:[m[K In function ‘[01m[Kvoid modbus_udp_send(int*, int8_t, int16_t, int16_t)[m[K’:
[01m[K/home/wildan/proyek/alucrot/src/motor/include/motor/modbus_udp.h:62:9:[m[K [01;35m[Kwarning: [m[Kunused variable ‘[01m[Kstatus[m[K’ [[01;35m[K]8;;https://gcc.gnu.org/onlinedocs/gcc/Warning-Options.html#index-Wunused-variable-Wunused-variable]8;;[m[K]
   62 |     int [01;35m[Kstatus[m[K = select(32, NULL, &fds, NULL, &tv);
      |         [01;35m[K^~~~~~[m[K
[100%] [32m[1mLinking CXX executable motor[0m
[100%] Built target motor
-- Install configuration: ""
-- Installing: /home/wildan/proyek/alucrot/install/motor/lib/motor/motor
-- Set runtime path of "/home/wildan/proyek/alucrot/install/motor/lib/motor/motor" to ""
-- Up-to-date: /home/wildan/proyek/alucrot/install/motor/share/ament_index/resource_index/package_run_dependencies/motor
-- Up-to-date: /home/wildan/proyek/alucrot/install/motor/share/ament_index/resource_index/parent_prefix_path/motor
-- Up-to-date: /home/wildan/proyek/alucrot/install/motor/share/motor/environment/ament_prefix_path.sh
-- Up-to-date: /home/wildan/proyek/alucrot/install/motor/share/motor/environment/ament_prefix_path.dsv
-- Up-to-date: /home/wildan/proyek/alucrot/install/motor/share/motor/environment/path.sh
-- Up-to-date: /home/wildan/proyek/alucrot/install/motor/share/motor/environment/path.dsv
-- Up-to-date: /home/wildan/proyek/alucrot/install/motor/share/motor/local_setup.bash
-- Up-to-date: /home/wildan/proyek/alucrot/install/motor/share/motor/local_setup.sh
-- Up-to-date: /home/wildan/proyek/alucrot/install/motor/share/motor/local_setup.zsh
-- Up-to-date: /home/wildan/proyek/alucrot/install/motor/share/motor/local_setup.dsv
-- Installing: /home/wildan/proyek/alucrot/install/motor/share/motor/package.dsv
-- Up-to-date: /home/wildan/proyek/alucrot/install/motor/share/ament_index/resource_index/packages/motor
-- Up-to-date: /home/wildan/proyek/alucrot/install/motor/share/motor/cmake/motorConfig.cmake
-- Up-to-date: /home/wildan/proyek/alucrot/install/motor/share/motor/cmake/motorConfig-version.cmake
-- Up-to-date: /home/wildan/proyek/alucrot/install/motor/share/motor/package.xml
