-- Found ament_cmake: 1.3.5 (/opt/ros/humble/share/ament_cmake/cmake)
-- Found rclcpp: 16.0.5 (/opt/ros/humble/share/rclcpp/cmake)
-- Found rosidl_generator_c: 3.1.5 (/opt/ros/humble/share/rosidl_generator_c/cmake)
-- Found rosidl_adapter: 3.1.5 (/opt/ros/humble/share/rosidl_adapter/cmake)
-- Found rosidl_generator_cpp: 3.1.5 (/opt/ros/humble/share/rosidl_generator_cpp/cmake)
-- Using all available rosidl_typesupport_c: rosidl_typesupport_fastrtps_c;rosidl_typesupport_introspection_c
-- Using all available rosidl_typesupport_cpp: rosidl_typesupport_fastrtps_cpp;rosidl_typesupport_introspection_cpp
-- Found rmw_implementation_cmake: 6.1.1 (/opt/ros/humble/share/rmw_implementation_cmake/cmake)
-- Found rmw_fastrtps_cpp: 6.2.3 (/opt/ros/humble/share/rmw_fastrtps_cpp/cmake)
-- Using RMW implementation 'rmw_fastrtps_cpp' as default
-- Found geometry_msgs: 4.2.3 (/opt/ros/humble/share/geometry_msgs/cmake)
-- Found ament_lint_auto: 0.12.7 (/opt/ros/humble/share/ament_lint_auto/cmake)
-- Added test 'cppcheck' to perform static code analysis on C / C++ code
-- Configured cppcheck include dirs: /home/wildan/proyek/alucrot/src/motor/include
-- Configured cppcheck exclude dirs and/or files: 
-- Added test 'lint_cmake' to check CMake code style
-- Added test 'uncrustify' to check C / C++ code style
-- Configured uncrustify additional arguments: 
-- Added test 'xmllint' to check XML markup files
-- Configuring done
-- Generating done
-- Build files have been written to: /home/wildan/proyek/alucrot/build/motor
[35m[1mConsolidate compiler generated dependencies of target motor[0m
[ 50%] [32mBuilding CXX object CMakeFiles/motor.dir/src/motor.cpp.o[0m
[01m[K/home/wildan/proyek/alucrot/src/motor/src/motor.cpp:[m[K In constructor ‘[01m[KMinimalSubscriber::MinimalSubscriber()[m[K’:
[01m[K/home/wildan/proyek/alucrot/src/motor/src/motor.cpp:36:37:[m[K [01;35m[Kwarning: [m[KISO C++ forbids converting a string constant to ‘[01m[Kchar*[m[K’ [[01;35m[K]8;;https://gcc.gnu.org/onlinedocs/gcc/Warning-Options.html#index-Wwrite-strings-Wwrite-strings]8;;[m[K]
   36 |         modbus_udp_init(&socket_id, [01;35m[K"169.254.196.196"[m[K, 3124);
      |                                     [01;35m[K^~~~~~~~~~~~~~~~~[m[K
[100%] [32m[1mLinking CXX executable motor[0m
[100%] Built target motor
-- Install configuration: ""
-- Installing: /home/wildan/proyek/alucrot/install/motor/lib/motor/motor
-- Set runtime path of "/home/wildan/proyek/alucrot/install/motor/lib/motor/motor" to ""
-- Up-to-date: /home/wildan/proyek/alucrot/install/motor/share/ament_index/resource_index/package_run_dependencies/motor
-- Up-to-date: /home/wildan/proyek/alucrot/install/motor/share/ament_index/resource_index/parent_prefix_path/motor
-- Up-to-date: /home/wildan/proyek/alucrot/install/motor/share/motor/environment/ament_prefix_path.sh
-- Installing: /home/wildan/proyek/alucrot/install/motor/share/motor/environment/ament_prefix_path.dsv
-- Up-to-date: /home/wildan/proyek/alucrot/install/motor/share/motor/environment/path.sh
-- Installing: /home/wildan/proyek/alucrot/install/motor/share/motor/environment/path.dsv
-- Up-to-date: /home/wildan/proyek/alucrot/install/motor/share/motor/local_setup.bash
-- Up-to-date: /home/wildan/proyek/alucrot/install/motor/share/motor/local_setup.sh
-- Up-to-date: /home/wildan/proyek/alucrot/install/motor/share/motor/local_setup.zsh
-- Installing: /home/wildan/proyek/alucrot/install/motor/share/motor/local_setup.dsv
-- Installing: /home/wildan/proyek/alucrot/install/motor/share/motor/package.dsv
-- Up-to-date: /home/wildan/proyek/alucrot/install/motor/share/ament_index/resource_index/packages/motor
-- Up-to-date: /home/wildan/proyek/alucrot/install/motor/share/motor/cmake/motorConfig.cmake
-- Up-to-date: /home/wildan/proyek/alucrot/install/motor/share/motor/cmake/motorConfig-version.cmake
-- Up-to-date: /home/wildan/proyek/alucrot/install/motor/share/motor/package.xml
