[0.010s] Invoking command in '/home/wildan/proyek/alucrot/build/motor': CMAKE_PREFIX_PATH=${CMAKE_PREFIX_PATH}:/opt/ros/humble /usr/bin/cmake --build /home/wildan/proyek/alucrot/build/motor -- -j8 -l8
[0.024s] -- Found ament_cmake: 1.3.5 (/opt/ros/humble/share/ament_cmake/cmake)
[0.121s] -- Found rclcpp: 16.0.5 (/opt/ros/humble/share/rclcpp/cmake)
[0.140s] -- Found rosidl_generator_c: 3.1.5 (/opt/ros/humble/share/rosidl_generator_c/cmake)
[0.141s] -- Found rosidl_adapter: 3.1.5 (/opt/ros/humble/share/rosidl_adapter/cmake)
[0.145s] -- Found rosidl_generator_cpp: 3.1.5 (/opt/ros/humble/share/rosidl_generator_cpp/cmake)
[0.152s] -- Using all available rosidl_typesupport_c: rosidl_typesupport_fastrtps_c;rosidl_typesupport_introspection_c
[0.163s] -- Using all available rosidl_typesupport_cpp: rosidl_typesupport_fastrtps_cpp;rosidl_typesupport_introspection_cpp
[0.205s] -- Found rmw_implementation_cmake: 6.1.1 (/opt/ros/humble/share/rmw_implementation_cmake/cmake)
[0.206s] -- Found rmw_fastrtps_cpp: 6.2.3 (/opt/ros/humble/share/rmw_fastrtps_cpp/cmake)
[0.284s] -- Using RMW implementation 'rmw_fastrtps_cpp' as default
[0.395s] -- Found geometry_msgs: 4.2.3 (/opt/ros/humble/share/geometry_msgs/cmake)
[0.426s] -- Found ament_lint_auto: 0.12.7 (/opt/ros/humble/share/ament_lint_auto/cmake)
[0.474s] -- Added test 'cppcheck' to perform static code analysis on C / C++ code
[0.475s] -- Configured cppcheck include dirs: /home/wildan/proyek/alucrot/src/motor/include
[0.475s] -- Configured cppcheck exclude dirs and/or files: 
[0.475s] -- Added test 'lint_cmake' to check CMake code style
[0.475s] -- Added test 'uncrustify' to check C / C++ code style
[0.476s] -- Configured uncrustify additional arguments: 
[0.476s] -- Added test 'xmllint' to check XML markup files
[0.476s] -- Configuring done
[0.483s] -- Generating done
[0.484s] -- Build files have been written to: /home/wildan/proyek/alucrot/build/motor
[0.502s] [35m[1mConsolidate compiler generated dependencies of target motor[0m
[0.513s] [ 50%] [32mBuilding CXX object CMakeFiles/motor.dir/src/motor.cpp.o[0m
[2.106s] [01m[K/home/wildan/proyek/alucrot/src/motor/src/motor.cpp:[m[K In constructor ‘[01m[KMinimalSubscriber::MinimalSubscriber()[m[K’:
[2.106s] [01m[K/home/wildan/proyek/alucrot/src/motor/src/motor.cpp:36:37:[m[K [01;35m[Kwarning: [m[KISO C++ forbids converting a string constant to ‘[01m[Kchar*[m[K’ [[01;35m[K]8;;https://gcc.gnu.org/onlinedocs/gcc/Warning-Options.html#index-Wwrite-strings-Wwrite-strings]8;;[m[K]
[2.107s]    36 |         modbus_udp_init(&socket_id, [01;35m[K"169.254.196.196"[m[K, 3124);
[2.107s]       |                                     [01;35m[K^~~~~~~~~~~~~~~~~[m[K
[6.128s] [100%] [32m[1mLinking CXX executable motor[0m
[6.408s] [100%] Built target motor
[6.415s] Invoked command in '/home/wildan/proyek/alucrot/build/motor' returned '0': CMAKE_PREFIX_PATH=${CMAKE_PREFIX_PATH}:/opt/ros/humble /usr/bin/cmake --build /home/wildan/proyek/alucrot/build/motor -- -j8 -l8
[6.434s] Invoking command in '/home/wildan/proyek/alucrot/build/motor': CMAKE_PREFIX_PATH=${CMAKE_PREFIX_PATH}:/opt/ros/humble /usr/bin/cmake --install /home/wildan/proyek/alucrot/build/motor
[6.439s] -- Install configuration: ""
[6.439s] -- Installing: /home/wildan/proyek/alucrot/install/motor/lib/motor/motor
[6.442s] -- Set runtime path of "/home/wildan/proyek/alucrot/install/motor/lib/motor/motor" to ""
[6.442s] -- Up-to-date: /home/wildan/proyek/alucrot/install/motor/share/ament_index/resource_index/package_run_dependencies/motor
[6.442s] -- Up-to-date: /home/wildan/proyek/alucrot/install/motor/share/ament_index/resource_index/parent_prefix_path/motor
[6.442s] -- Up-to-date: /home/wildan/proyek/alucrot/install/motor/share/motor/environment/ament_prefix_path.sh
[6.442s] -- Installing: /home/wildan/proyek/alucrot/install/motor/share/motor/environment/ament_prefix_path.dsv
[6.442s] -- Up-to-date: /home/wildan/proyek/alucrot/install/motor/share/motor/environment/path.sh
[6.442s] -- Installing: /home/wildan/proyek/alucrot/install/motor/share/motor/environment/path.dsv
[6.442s] -- Up-to-date: /home/wildan/proyek/alucrot/install/motor/share/motor/local_setup.bash
[6.442s] -- Up-to-date: /home/wildan/proyek/alucrot/install/motor/share/motor/local_setup.sh
[6.442s] -- Up-to-date: /home/wildan/proyek/alucrot/install/motor/share/motor/local_setup.zsh
[6.442s] -- Installing: /home/wildan/proyek/alucrot/install/motor/share/motor/local_setup.dsv
[6.442s] -- Installing: /home/wildan/proyek/alucrot/install/motor/share/motor/package.dsv
[6.443s] -- Up-to-date: /home/wildan/proyek/alucrot/install/motor/share/ament_index/resource_index/packages/motor
[6.443s] -- Up-to-date: /home/wildan/proyek/alucrot/install/motor/share/motor/cmake/motorConfig.cmake
[6.443s] -- Up-to-date: /home/wildan/proyek/alucrot/install/motor/share/motor/cmake/motorConfig-version.cmake
[6.443s] -- Up-to-date: /home/wildan/proyek/alucrot/install/motor/share/motor/package.xml
[6.444s] Invoked command in '/home/wildan/proyek/alucrot/build/motor' returned '0': CMAKE_PREFIX_PATH=${CMAKE_PREFIX_PATH}:/opt/ros/humble /usr/bin/cmake --install /home/wildan/proyek/alucrot/build/motor
