[0.009s] Invoking command in '/home/wildan/proyek/alucrot/build/motor': CMAKE_PREFIX_PATH=${CMAKE_PREFIX_PATH}:/opt/ros/humble /usr/bin/cmake --build /home/wildan/proyek/alucrot/build/motor -- -j8 -l8
[0.043s] [ 50%] [32mBuilding CXX object CMakeFiles/motor.dir/src/motor.cpp.o[0m
[1.584s] [01m[K/home/wildan/proyek/alucrot/src/motor/src/motor.cpp:29:9:[m[K [01;31m[Kerror: [m[Kexpected identifier before ‘[01m[Kpublic[m[K’
[1.584s]    29 |         [01;31m[Kpublic[m[K : MinimalSubscriber()
[1.584s]       |         [01;31m[K^~~~~~[m[K
[1.584s] [01m[K/home/wildan/proyek/alucrot/src/motor/src/motor.cpp:29:9:[m[K [01;31m[Kerror: [m[Kexpected unqualified-id before ‘[01m[Kpublic[m[K’
[1.621s] [01m[K/home/wildan/proyek/alucrot/src/motor/src/motor.cpp:[m[K In member function ‘[01m[Kvoid MinimalSubscriber::timer_callback()[m[K’:
[1.621s] [01m[K/home/wildan/proyek/alucrot/src/motor/src/motor.cpp:56:38:[m[K [01;31m[Kerror: [m[K‘[01m[Kserver[m[K’ was not declared in this scope
[1.621s]    56 |         modbus_udp_send(&socket_id, &[01;31m[Kserver[m[K, 1, VELOCITY_REGISTER, (int16_t)velocity.x);
[1.621s]       |                                      [01;31m[K^~~~~~[m[K
[1.875s] In file included from [01m[K/usr/include/x86_64-linux-gnu/c++/11/bits/c++allocator.h:33[m[K,
[1.875s]                  from [01m[K/usr/include/c++/11/bits/allocator.h:46[m[K,
[1.875s]                  from [01m[K/usr/include/c++/11/memory:64[m[K,
[1.875s]                  from [01m[K/home/wildan/proyek/alucrot/src/motor/src/motor.cpp:1[m[K:
[1.875s] /usr/include/c++/11/ext/new_allocator.h: In instantiation of ‘[01m[Kvoid __gnu_cxx::new_allocator<_Tp>::construct(_Up*, _Args&& ...) [with _Up = MinimalSubscriber; _Args = {}; _Tp = MinimalSubscriber][m[K’:
[1.876s] [01m[K/usr/include/c++/11/bits/alloc_traits.h:516:17:[m[K   required from ‘[01m[Kstatic void std::allocator_traits<std::allocator<_Tp1> >::construct(std::allocator_traits<std::allocator<_Tp1> >::allocator_type&, _Up*, _Args&& ...) [with _Up = MinimalSubscriber; _Args = {}; _Tp = MinimalSubscriber; std::allocator_traits<std::allocator<_Tp1> >::allocator_type = std::allocator<MinimalSubscriber>][m[K’
[1.876s] [01m[K/usr/include/c++/11/bits/shared_ptr_base.h:519:39:[m[K   required from ‘[01m[Kstd::_Sp_counted_ptr_inplace<_Tp, _Alloc, _Lp>::_Sp_counted_ptr_inplace(_Alloc, _Args&& ...) [with _Args = {}; _Tp = MinimalSubscriber; _Alloc = std::allocator<MinimalSubscriber>; __gnu_cxx::_Lock_policy _Lp = __gnu_cxx::_S_atomic][m[K’
[1.876s] [01m[K/usr/include/c++/11/bits/shared_ptr_base.h:650:16:[m[K   required from ‘[01m[Kstd::__shared_count<_Lp>::__shared_count(_Tp*&, std::_Sp_alloc_shared_tag<_Alloc>, _Args&& ...) [with _Tp = MinimalSubscriber; _Alloc = std::allocator<MinimalSubscriber>; _Args = {}; __gnu_cxx::_Lock_policy _Lp = __gnu_cxx::_S_atomic][m[K’
[1.876s] [01m[K/usr/include/c++/11/bits/shared_ptr_base.h:1342:14:[m[K   required from ‘[01m[Kstd::__shared_ptr<_Tp, _Lp>::__shared_ptr(std::_Sp_alloc_shared_tag<_Tp>, _Args&& ...) [with _Alloc = std::allocator<MinimalSubscriber>; _Args = {}; _Tp = MinimalSubscriber; __gnu_cxx::_Lock_policy _Lp = __gnu_cxx::_S_atomic][m[K’
[1.876s] [01m[K/usr/include/c++/11/bits/shared_ptr.h:409:59:[m[K   required from ‘[01m[Kstd::shared_ptr<_Tp>::shared_ptr(std::_Sp_alloc_shared_tag<_Tp>, _Args&& ...) [with _Alloc = std::allocator<MinimalSubscriber>; _Args = {}; _Tp = MinimalSubscriber][m[K’
[1.876s] [01m[K/usr/include/c++/11/bits/shared_ptr.h:862:14:[m[K   required from ‘[01m[Kstd::shared_ptr<_Tp> std::allocate_shared(const _Alloc&, _Args&& ...) [with _Tp = MinimalSubscriber; _Alloc = std::allocator<MinimalSubscriber>; _Args = {}][m[K’
[1.876s] [01m[K/usr/include/c++/11/bits/shared_ptr.h:878:39:[m[K   required from ‘[01m[Kstd::shared_ptr<_Tp> std::make_shared(_Args&& ...) [with _Tp = MinimalSubscriber; _Args = {}][m[K’
[1.876s] [01m[K/home/wildan/proyek/alucrot/src/motor/src/motor.cpp:76:53:[m[K   required from here
[1.876s] [01m[K/usr/include/c++/11/ext/new_allocator.h:162:11:[m[K [01;31m[Kerror: [m[Kuse of deleted function ‘[01m[KMinimalSubscriber::MinimalSubscriber()[m[K’
[1.876s]   162 |         { [01;31m[K::new((void *)__p) _Up(std::forward<_Args>(__args)...)[m[K; }
[1.876s]       |           [01;31m[K^~~~~~~~~~~~~~~~~~~~~~~~~~~~~~~~~~~~~~~~~~~~~~~~~~~~~~[m[K
[1.876s] [01m[K/home/wildan/proyek/alucrot/src/motor/src/motor.cpp:21:7:[m[K [01;36m[Knote: [m[K‘[01m[KMinimalSubscriber::MinimalSubscriber()[m[K’ is implicitly deleted because the default definition would be ill-formed:
[1.876s]    21 | class [01;36m[KMinimalSubscriber[m[K : public rclcpp::Node
[1.876s]       |       [01;36m[K^~~~~~~~~~~~~~~~~[m[K
[1.876s] [01m[K/home/wildan/proyek/alucrot/src/motor/src/motor.cpp:21:7:[m[K [01;31m[Kerror: [m[Kno matching function for call to ‘[01m[Krclcpp::Node::Node()[m[K’
[1.876s] In file included from [01m[K/opt/ros/humble/include/rclcpp/rclcpp/executors/single_threaded_executor.hpp:28[m[K,
[1.876s]                  from [01m[K/opt/ros/humble/include/rclcpp/rclcpp/executors.hpp:22[m[K,
[1.876s]                  from [01m[K/opt/ros/humble/include/rclcpp/rclcpp/rclcpp.hpp:155[m[K,
[1.876s]                  from [01m[K/home/wildan/proyek/alucrot/src/motor/src/motor.cpp:3[m[K:
[1.876s] [01m[K/opt/ros/humble/include/rclcpp/rclcpp/node.hpp:1294:3:[m[K [01;36m[Knote: [m[Kcandidate: ‘[01m[Krclcpp::Node::Node(const rclcpp::Node&, const string&)[m[K’
[1.876s]  1294 |   [01;36m[KNode[m[K(
[1.876s]       |   [01;36m[K^~~~[m[K
[1.880s] [01m[K/opt/ros/humble/include/rclcpp/rclcpp/node.hpp:1294:3:[m[K [01;36m[Knote: [m[K  candidate expects 2 arguments, 0 provided
[1.880s] [01m[K/opt/ros/humble/include/rclcpp/rclcpp/node.hpp:101:12:[m[K [01;36m[Knote: [m[Kcandidate: ‘[01m[Krclcpp::Node::Node(const string&, const string&, const rclcpp::NodeOptions&)[m[K’
[1.880s]   101 |   explicit [01;36m[KNode[m[K(
[1.880s]       |            [01;36m[K^~~~[m[K
[1.880s] [01m[K/opt/ros/humble/include/rclcpp/rclcpp/node.hpp:101:12:[m[K [01;36m[Knote: [m[K  candidate expects 3 arguments, 0 provided
[1.880s] [01m[K/opt/ros/humble/include/rclcpp/rclcpp/node.hpp:89:12:[m[K [01;36m[Knote: [m[Kcandidate: ‘[01m[Krclcpp::Node::Node(const string&, const rclcpp::NodeOptions&)[m[K’
[1.880s]    89 |   explicit [01;36m[KNode[m[K(
[1.880s]       |            [01;36m[K^~~~[m[K
[1.880s] [01m[K/opt/ros/humble/include/rclcpp/rclcpp/node.hpp:89:12:[m[K [01;36m[Knote: [m[K  candidate expects 2 arguments, 0 provided
[1.929s] gmake[2]: *** [CMakeFiles/motor.dir/build.make:76: CMakeFiles/motor.dir/src/motor.cpp.o] Error 1
[1.929s] gmake[1]: *** [CMakeFiles/Makefile2:137: CMakeFiles/motor.dir/all] Error 2
[1.929s] gmake: *** [Makefile:146: all] Error 2
[1.931s] Invoked command in '/home/wildan/proyek/alucrot/build/motor' returned '2': CMAKE_PREFIX_PATH=${CMAKE_PREFIX_PATH}:/opt/ros/humble /usr/bin/cmake --build /home/wildan/proyek/alucrot/build/motor -- -j8 -l8
